
> study_tracker@0.0.0 build
> tsc -b && vite build

src/components/analytics/SubjectMastery.tsx(3,10): error TS6133: 'SUBJECTS' is declared but its value is never read.
src/components/study/FlashcardViewer.tsx(2,18): error TS6133: 'AnimatePresence' is declared but its value is never read.
src/components/study/FlashcardViewer.tsx(4,1): error TS6133: 'cn' is declared but its value is never read.
src/components/study/FlashcardViewer.tsx(15,66): error TS6133: 'onClose' is declared but its value is never read.
src/components/ui/StaggeredList.tsx(59,41): error TS2322: Type '{ hidden: { opacity: number; y: number; scale: number; }; visible: { opacity: number; y: number; scale: number; transition: { type: string; stiffness: number; damping: number; }; }; }' is not assignable to type 'Variants'.
  Property 'visible' is incompatible with index signature.
    Type '{ opacity: number; y: number; scale: number; transition: { type: string; stiffness: number; damping: number; }; }' is not assignable to type 'Variant'.
      Type '{ opacity: number; y: number; scale: number; transition: { type: string; stiffness: number; damping: number; }; }' is not assignable to type 'TargetAndTransition'.
        Type '{ opacity: number; y: number; scale: number; transition: { type: string; stiffness: number; damping: number; }; }' is not assignable to type '{ transition?: Transition<any> | undefined; transitionEnd?: ResolvedValues$1 | undefined; }'.
          Types of property 'transition' are incompatible.
            Type '{ type: string; stiffness: number; damping: number; }' is not assignable to type 'Transition<any> | undefined'.
              Type '{ type: string; stiffness: number; damping: number; }' is not assignable to type 'TransitionWithValueOverrides<any>'.
                Type '{ type: string; stiffness: number; damping: number; }' is not assignable to type 'ValueAnimationTransition<any>'.
                  Types of property 'type' are incompatible.
                    Type 'string' is not assignable to type 'AnimationGeneratorType | undefined'.
src/components/ui/Toast.tsx(4,20): error TS2307: Cannot find module '../lib/utils' or its corresponding type declarations.
